<?xml version="1.0" encoding="UTF-8"?>
<testsuite name="org.example.e2e.StudentE2ETest" tests="2" skipped="0" failures="0" errors="0" timestamp="2025-02-18T06:41:02" hostname="unknowntpo-MacBook-Pro.local" time="1.207">
  <properties/>
  <testcase name="shouldGetFromDbWhenStudentIsNotInCache()" classname="org.example.e2e.StudentE2ETest" time="1.149"/>
  <testcase name="shouldCreateAndRetrieveUser()" classname="org.example.e2e.StudentE2ETest" time="0.057"/>
  <system-out><![CDATA[14:40:58.574 [Test worker] INFO org.springframework.test.context.support.AnnotationConfigContextLoaderUtils -- Could not detect default configuration classes for test class [org.example.e2e.StudentE2ETest]: StudentE2ETest does not declare any static, non-private, non-final, nested classes annotated with @Configuration.
14:40:58.632 [Test worker] INFO org.springframework.boot.test.context.SpringBootTestContextBootstrapper -- Found @SpringBootConfiguration org.example.App for test class org.example.e2e.StudentE2ETest

  .   ____          _            __ _ _
 /\\ / ___'_ __ _ _(_)_ __  __ _ \ \ \ \
( ( )\___ | '_ | '_| | '_ \/ _` | \ \ \ \
 \\/  ___)| |_)| | | | | || (_| |  ) ) ) )
  '  |____| .__|_| |_|_| |_\__, | / / / /
 =========|_|==============|___/=/_/_/_/

 :: Spring Boot ::                (v3.4.1)

2025-02-18T14:40:58.839+08:00  INFO 62437 --- [    Test worker] org.example.e2e.StudentE2ETest           : Starting StudentE2ETest using Java 21.0.2 with PID 62437 (started by unknowntpo in /Users/unknowntpo/repo/unknowntpo/playground-2022/java/redis_demo/app)
2025-02-18T14:40:58.840+08:00  INFO 62437 --- [    Test worker] org.example.e2e.StudentE2ETest           : No active profile set, falling back to 1 default profile: "default"
2025-02-18T14:40:59.260+08:00  INFO 62437 --- [    Test worker] .s.d.r.c.RepositoryConfigurationDelegate : Multiple Spring Data modules found, entering strict repository configuration mode
2025-02-18T14:40:59.261+08:00  INFO 62437 --- [    Test worker] .s.d.r.c.RepositoryConfigurationDelegate : Bootstrapping Spring Data JPA repositories in DEFAULT mode.
2025-02-18T14:40:59.371+08:00  INFO 62437 --- [    Test worker] .s.d.r.c.RepositoryConfigurationDelegate : Finished Spring Data repository scanning in 101 ms. Found 1 JPA repository interface.
2025-02-18T14:40:59.373+08:00  INFO 62437 --- [    Test worker] .s.d.r.c.RepositoryConfigurationDelegate : Multiple Spring Data modules found, entering strict repository configuration mode
2025-02-18T14:40:59.374+08:00  INFO 62437 --- [    Test worker] .s.d.r.c.RepositoryConfigurationDelegate : Bootstrapping Spring Data Redis repositories in DEFAULT mode.
2025-02-18T14:40:59.383+08:00  INFO 62437 --- [    Test worker] .s.d.r.c.RepositoryConfigurationDelegate : Finished Spring Data repository scanning in 3 ms. Found 1 Redis repository interface.
2025-02-18T14:41:00.143+08:00  INFO 62437 --- [    Test worker] o.s.b.w.embedded.tomcat.TomcatWebServer  : Tomcat initialized with port 0 (http)
2025-02-18T14:41:00.153+08:00  INFO 62437 --- [    Test worker] o.apache.catalina.core.StandardService   : Starting service [Tomcat]
2025-02-18T14:41:00.153+08:00  INFO 62437 --- [    Test worker] o.apache.catalina.core.StandardEngine    : Starting Servlet engine: [Apache Tomcat/10.1.34]
2025-02-18T14:41:00.187+08:00  INFO 62437 --- [    Test worker] o.a.c.c.C.[Tomcat].[localhost].[/]       : Initializing Spring embedded WebApplicationContext
2025-02-18T14:41:00.188+08:00  INFO 62437 --- [    Test worker] w.s.c.ServletWebServerApplicationContext : Root WebApplicationContext: initialization completed in 1339 ms
2025-02-18T14:41:00.425+08:00  INFO 62437 --- [    Test worker] o.hibernate.jpa.internal.util.LogHelper  : HHH000204: Processing PersistenceUnitInfo [name: default]
2025-02-18T14:41:00.457+08:00  INFO 62437 --- [    Test worker] org.hibernate.Version                    : HHH000412: Hibernate ORM core version 6.6.4.Final
2025-02-18T14:41:00.476+08:00  INFO 62437 --- [    Test worker] o.h.c.internal.RegionFactoryInitiator    : HHH000026: Second-level cache disabled
2025-02-18T14:41:00.641+08:00  INFO 62437 --- [    Test worker] o.s.o.j.p.SpringPersistenceUnitInfo      : No LoadTimeWeaver setup: ignoring JPA class transformer
2025-02-18T14:41:00.666+08:00  INFO 62437 --- [    Test worker] com.zaxxer.hikari.HikariDataSource       : HikariPool-1 - Starting...
2025-02-18T14:41:00.813+08:00  INFO 62437 --- [    Test worker] com.zaxxer.hikari.pool.HikariPool        : HikariPool-1 - Added connection org.postgresql.jdbc.PgConnection@4407fea2
2025-02-18T14:41:00.814+08:00  INFO 62437 --- [    Test worker] com.zaxxer.hikari.HikariDataSource       : HikariPool-1 - Start completed.
2025-02-18T14:41:00.863+08:00  INFO 62437 --- [    Test worker] org.hibernate.orm.connections.pooling    : HHH10001005: Database info:
	Database JDBC URL [Connecting through datasource 'HikariDataSource (HikariPool-1)']
	Database driver: undefined/unknown
	Database version: 15.10
	Autocommit mode: undefined/unknown
	Isolation level: undefined/unknown
	Minimum pool size: undefined/unknown
	Maximum pool size: undefined/unknown
2025-02-18T14:41:01.302+08:00  INFO 62437 --- [    Test worker] o.h.e.t.j.p.i.JtaPlatformInitiator       : HHH000489: No JTA platform available (set 'hibernate.transaction.jta.platform' to enable JTA platform integration)
2025-02-18T14:41:01.326+08:00  INFO 62437 --- [    Test worker] j.LocalContainerEntityManagerFactoryBean : Initialized JPA EntityManagerFactory for persistence unit 'default'
2025-02-18T14:41:01.833+08:00  WARN 62437 --- [    Test worker] JpaBaseConfiguration$JpaWebConfiguration : spring.jpa.open-in-view is enabled by default. Therefore, database queries may be performed during view rendering. Explicitly configure spring.jpa.open-in-view to disable this warning
2025-02-18T14:41:02.394+08:00  INFO 62437 --- [    Test worker] o.s.b.a.e.web.EndpointLinksResolver      : Exposing 1 endpoint beneath base path '/actuator'
2025-02-18T14:41:02.534+08:00  INFO 62437 --- [    Test worker] o.s.b.w.embedded.tomcat.TomcatWebServer  : Tomcat started on port 62234 (http) with context path '/'
2025-02-18T14:41:02.548+08:00  INFO 62437 --- [    Test worker] org.example.e2e.StudentE2ETest           : Started StudentE2ETest in 3.854 seconds (process running for 4.498)
Hibernate: select s1_0.id,s1_0.name from student s1_0
Hibernate: delete from student where id=?
2025-02-18T14:41:03.518+08:00  INFO 62437 --- [o-auto-1-exec-1] o.a.c.c.C.[Tomcat].[localhost].[/]       : Initializing Spring DispatcherServlet 'dispatcherServlet'
2025-02-18T14:41:03.518+08:00  INFO 62437 --- [o-auto-1-exec-1] o.s.web.servlet.DispatcherServlet        : Initializing Servlet 'dispatcherServlet'
2025-02-18T14:41:03.519+08:00  INFO 62437 --- [o-auto-1-exec-1] o.s.web.servlet.DispatcherServlet        : Completed initialization in 1 ms
2025-02-18T14:41:03.562+08:00  INFO 62437 --- [o-auto-1-exec-1] org.example.aspects.LoggingAspect        : Executing method: save with arguments: [StudentDTO(id=null, name=Eric)]
Hibernate: insert into student (name) values (?)
2025-02-18T14:41:03.641+08:00  INFO 62437 --- [o-auto-1-exec-1] org.example.aspects.LoggingAspect        : Method save completed in 79ms. Return value: StudentDTO(id=43, name=Eric)
Hibernate: select s1_0.id,s1_0.name from student s1_0 where s1_0.id=?
2025-02-18T14:41:03.696+08:00  INFO 62437 --- [o-auto-1-exec-2] org.example.aspects.LoggingAspect        : Executing method: getById with arguments: [43]
2025-02-18T14:41:03.696+08:00  INFO 62437 --- [o-auto-1-exec-2] org.example.services.StudentService      : getting student by id: 43, toString: 43
2025-02-18T14:41:03.699+08:00  INFO 62437 --- [o-auto-1-exec-2] org.example.services.StudentService      : getting student from studentRepository by id: 43, toString: 43
Hibernate: select s1_0.id,s1_0.name from student s1_0 where s1_0.id=?
2025-02-18T14:41:03.703+08:00  INFO 62437 --- [o-auto-1-exec-2] org.example.services.StudentService      : got student: Student(id=43, name=Eric)
2025-02-18T14:41:03.708+08:00  INFO 62437 --- [o-auto-1-exec-2] org.example.services.StudentService      : got studentDto: StudentDTO(id=43, name=Eric)
2025-02-18T14:41:03.708+08:00  INFO 62437 --- [o-auto-1-exec-2] org.example.aspects.LoggingAspect        : Method getById completed in 12ms. Return value: StudentDTO(id=43, name=Eric)
Hibernate: select s1_0.id,s1_0.name from student s1_0
Hibernate: delete from student where id=?
2025-02-18T14:41:03.776+08:00  INFO 62437 --- [o-auto-1-exec-3] org.example.aspects.LoggingAspect        : Executing method: save with arguments: [StudentDTO(id=null, name=Eric)]
Hibernate: insert into student (name) values (?)
2025-02-18T14:41:03.789+08:00  INFO 62437 --- [o-auto-1-exec-3] org.example.aspects.LoggingAspect        : Method save completed in 12ms. Return value: StudentDTO(id=44, name=Eric)
Hibernate: select s1_0.id,s1_0.name from student s1_0 where s1_0.id=?
2025-02-18T14:41:03.797+08:00  INFO 62437 --- [o-auto-1-exec-4] org.example.aspects.LoggingAspect        : Executing method: getById with arguments: [44]
2025-02-18T14:41:03.797+08:00  INFO 62437 --- [o-auto-1-exec-4] org.example.services.StudentService      : getting student by id: 44, toString: 44
2025-02-18T14:41:03.801+08:00  INFO 62437 --- [o-auto-1-exec-4] org.example.services.StudentService      : got student in redis: Student(id=44, name=Eric)
2025-02-18T14:41:03.801+08:00  INFO 62437 --- [o-auto-1-exec-4] org.example.services.StudentService      : got studentDto: StudentDTO(id=44, name=Eric)
2025-02-18T14:41:03.801+08:00  INFO 62437 --- [o-auto-1-exec-4] org.example.aspects.LoggingAspect        : Method getById completed in 4ms. Return value: StudentDTO(id=44, name=Eric)
]]></system-out>
  <system-err><![CDATA[Mockito is currently self-attaching to enable the inline-mock-maker. This will no longer work in future releases of the JDK. Please add Mockito as an agent to your build what is described in Mockito's documentation: https://javadoc.io/doc/org.mockito/mockito-core/latest/org/mockito/Mockito.html#0.3
WARNING: A Java agent has been loaded dynamically (/Users/unknowntpo/.gradle/caches/modules-2/files-2.1/net.bytebuddy/byte-buddy-agent/1.15.11/a38b16385e867f59a641330f0362ebe742788ed8/byte-buddy-agent-1.15.11.jar)
WARNING: If a serviceability tool is in use, please run with -XX:+EnableDynamicAgentLoading to hide this warning
WARNING: If a serviceability tool is not in use, please run with -Djdk.instrument.traceUsage for more information
WARNING: Dynamic loading of agents will be disallowed by default in a future release
]]></system-err>
</testsuite>
